-------------------------------------------------------------------------------
Test set: com.example.runners.TestRunner
-------------------------------------------------------------------------------
Tests run: 1, Failures: 1, Errors: 0, Skipped: 0, Time elapsed: 32.16 s <<< FAILURE! - in com.example.runners.TestRunner
Successful login with valid credentials(feature to test login functionality)  Time elapsed: 30.879 s  <<< FAILURE!
org.junit.ComparisonFailure: expected:<...://www.facebook.com/[]> but was:<...://www.facebook.com/[recover/initiate/?lara_product=www_first_password_failure]>

