<?xml version="1.0" encoding="UTF-8"?>
<testsuite xmlns:xsi="http://www.w3.org/2001/XMLSchema-instance" xsi:noNamespaceSchemaLocation="https://maven.apache.org/surefire/maven-surefire-plugin/xsd/surefire-test-report.xsd" name="com.example.runners.TestRunner" time="32.16" tests="1" errors="0" skipped="0" failures="1">
  <properties>
[...]
</properties>
  <testcase name="Successful login with valid credentials" classname="feature to test login functionality" time="30.879">
    <failure message="expected:&lt;...://www.facebook.com/[]&gt; but was:&lt;...://www.facebook.com/[recover/initiate/?lara_product=www_first_password_failure]&gt;" type="org.junit.ComparisonFailure"><![CDATA[org.junit.ComparisonFailure: expected:<...://www.facebook.com/[]> but was:<...://www.facebook.com/[recover/initiate/?lara_product=www_first_password_failure]>
]]></failure>
    <system-out><![CDATA[
Scenario: Successful login with valid credentials &amp#27;[90m# src/test/resources/features/FacebookLogin.feature:4&amp#27;[0m
  &amp#27;[32mGiven &amp#27;[0m&amp#27;[32mI am on the Facebook login page&amp#27;[0m           &amp#27;[90m# com.example.steps.FacebookLoginSteps.i_am_on_the_facebook_login_page()&amp#27;[0m
  &amp#27;[32mWhen &amp#27;[0m&amp#27;[32mI enter valid credentials&amp#27;[0m                  &amp#27;[90m# com.example.steps.FacebookLoginSteps.i_enter_valid_credentials()&amp#27;[0m
  &amp#27;[32mAnd &amp#27;[0m&amp#27;[32mI click the login button&amp#27;[0m                    &amp#27;[90m# com.example.steps.FacebookLoginSteps.i_click_the_login_button()&amp#27;[0m
  &amp#27;[31mThen &amp#27;[0m&amp#27;[31mI should be redirected to the home page&amp#27;[0m    &amp#27;[90m# com.example.steps.FacebookLoginSteps.i_should_be_redirected_to_the_home_page()&amp#27;[0m
      &amp#27;[31morg.junit.ComparisonFailure: expected:<...://www.facebook.com/[]> but was:<...://www.facebook.com/[recover/initiate/?lara_product=www_first_password_failure]>
	at org.junit.Assert.assertEquals(Assert.java:117)
	at org.junit.Assert.assertEquals(Assert.java:146)
	at com.example.steps.FacebookLoginSteps.i_should_be_redirected_to_the_home_page(FacebookLoginSteps.java:44)
	at âœ½.I should be redirected to the home page(file:///F:/MavenSeleniumreport/CucumberJava/src/test/resources/features/FacebookLogin.feature:8)
&amp#27;[0m
]]></system-out>
    <system-err><![CDATA[SLF4J: Failed to load class "org.slf4j.impl.StaticLoggerBinder".
SLF4J: Defaulting to no-operation (NOP) logger implementation
SLF4J: See http://www.slf4j.org/codes.html#StaticLoggerBinder for further details.
Starting ChromeDriver 125.0.6422.60 (3ac3319bff9f3e139d632e3d195e3d2d43d86e37-refs/branch-heads/6422@{#1017}) on port 56658
Only local connections are allowed.
Please see https://chromedriver.chromium.org/security-considerations for suggestions on keeping ChromeDriver safe.
ChromeDriver was started successfully.
Jun 20, 2024 11:18:02 AM org.openqa.selenium.remote.ProtocolHandshake createSession
INFO: Detected dialect: W3C
Jun 20, 2024 11:18:04 AM org.openqa.selenium.devtools.CdpVersionFinder findNearestMatch
WARNING: Unable to find an exact match for CDP version 125, so returning the closest version found: a no-op implementation
Jun 20, 2024 11:18:04 AM org.openqa.selenium.devtools.CdpVersionFinder findNearestMatch
INFO: Unable to find CDP implementation matching 125.
Jun 20, 2024 11:18:04 AM org.openqa.selenium.chromium.ChromiumDriver lambda$new$3
WARNING: Unable to find version of CDP to use for . You may need to include a dependency on a specific version of the CDP using something similar to `org.seleniumhq.selenium:selenium-devtools-v86:4.1.0` where the version ("v86") matches the version of the chromium-based browser you're using and the version number of the artifact is the same as Selenium's.
]]></system-err>
  </testcase>
</testsuite>